"D:\CLion 2021.2.2\bin\cmake\win\bin\cmake.exe" -DCMAKE_BUILD_TYPE=Debug -DCMAKE_DEPENDS_USE_COMPILER=FALSE -G "CodeBlocks - NMake Makefiles" C:\Study\ConcurrentСomputing\Lab5
-- The C compiler identification is MSVC 19.29.30136.0
-- The CXX compiler identification is MSVC 19.29.30136.0
-- Detecting C compiler ABI info
-- Detecting C compiler ABI info - failed
-- Check for working C compiler: C:/Program Files (x86)/Microsoft Visual Studio/2019/Community/VC/Tools/MSVC/14.29.30133/bin/Hostx86/x86/cl.exe
-- Check for working C compiler: C:/Program Files (x86)/Microsoft Visual Studio/2019/Community/VC/Tools/MSVC/14.29.30133/bin/Hostx86/x86/cl.exe - broken
CMake Error at D:/CLion 2021.2.2/bin/cmake/win/share/cmake-3.20/Modules/CMakeTestCCompiler.cmake:66 (message):
  The C compiler

    "C:/Program Files (x86)/Microsoft Visual Studio/2019/Community/VC/Tools/MSVC/14.29.30133/bin/Hostx86/x86/cl.exe"

  is not able to compile a simple test program.

  It fails with the following output:

    Change Dir: C:/Study/ConcurrentРЎomputing/Lab5/cmake-build-debug/CMakeFiles/CMakeTmp
    
    Run Build Command(s):nmake -f Makefile /nologo cmTC_27c70\fast && 	"C:\Program Files (x86)\Microsoft Visual Studio\2019\Community\VC\Tools\MSVC\14.29.30133\bin\HostX86\x86\nmake.exe"  -f CMakeFiles\cmTC_27c70.dir\build.make /nologo -L                  CMakeFiles\cmTC_27c70.dir\build
    Building C object CMakeFiles/cmTC_27c70.dir/testCCompiler.c.obj
    	"D:\CLion 2021.2.2\bin\cmake\win\bin\cmake.exe" -E cmake_cl_compile_depends --dep-file=CMakeFiles\cmTC_27c70.dir\testCCompiler.c.obj.d --working-dir=C:\Study\Concurrentв•¤omputing\Lab5\cmake-build-debug\CMakeFiles\CMakeTmp --filter-prefix="" -- C:\PROGRA~2\MICROS~2\2019\COMMUN~1\VC\Tools\MSVC\1429~1.301\bin\Hostx86\x86\cl.exe @C:\Users\antib\AppData\Local\Temp\nm53A3.tmp
    Linking C executable cmTC_27c70.exe
    	"D:\CLion 2021.2.2\bin\cmake\win\bin\cmake.exe" -E vs_link_exe --intdir=CMakeFiles\cmTC_27c70.dir --rc=C:\PROGRA~2\WI3CF2~1\10\bin\100190~1.0\x86\rc.exe --mt=C:\PROGRA~2\WI3CF2~1\10\bin\100190~1.0\x86\mt.exe --manifests -- C:\PROGRA~2\MICROS~2\2019\COMMUN~1\VC\Tools\MSVC\1429~1.301\bin\Hostx86\x86\link.exe /nologo @CMakeFiles\cmTC_27c70.dir\objects1.rsp @C:\Users\antib\AppData\Local\Temp\nm5421.tmp
    LINK Pass 1: command "C:\PROGRA~2\MICROS~2\2019\COMMUN~1\VC\Tools\MSVC\1429~1.301\bin\Hostx86\x86\link.exe /nologo @CMakeFiles\cmTC_27c70.dir\objects1.rsp /out:cmTC_27c70.exe /implib:cmTC_27c70.lib /pdb:C:\Study\Concurrent?omputing\Lab5\cmake-build-debug\CMakeFiles\CMakeTmp\cmTC_27c70.pdb /version:0.0 /machine:X86 /debug /INCREMENTAL /subsystem:console kernel32.lib user32.lib gdi32.lib winspool.lib shell32.lib ole32.lib oleaut32.lib uuid.lib comdlg32.lib advapi32.lib /MANIFEST /MANIFESTFILE:CMakeFiles\cmTC_27c70.dir/intermediate.manifest CMakeFiles\cmTC_27c70.dir/manifest.res" failed (exit code 1201) with the following output:
    LINK : fatal error LNK1201: РћС€РёР±РєР° РїСЂРё Р·Р°РїРёСЃРё РІ Р±Р°Р·Сѓ РґР°РЅРЅС‹С… "C:\Study\Concurrent?omputing\Lab5\cmake-build-debug\CMakeFiles\CMakeTmp\cmTC_27c70.pdb" РїСЂРѕРіСЂР°РјРјС‹; РІРѕР·РјРѕР¶РЅРѕ, РЅРµ С…РІР°С‚Р°РµС‚ РјРµСЃС‚Р° РЅР° РґРёСЃРєРµ, РЅРµРґРѕРїСѓСЃС‚РёРјС‹Р№ РїСѓС‚СЊ РёР»Рё РЅРµРґРѕСЃС‚Р°С‚РѕС‡РЅРѕ РїСЂР°РІ
    NMAKE : fatal error U1077: "D:\CLion 2021.2.2\bin\cmake\win\bin\cmake.exe" : С‚СЋС‡С‚РЃСЂв€™С…СЌСЌв€љС‰ СЉСЋС„ "0xffffffff"
    Stop.
    NMAKE : fatal error U1077: "C:\Program Files (x86)\Microsoft Visual Studio\2019\Community\VC\Tools\MSVC\14.29.30133\bin\HostX86\x86\nmake.exe" : С‚СЋС‡С‚РЃСЂв€™С…СЌСЌв€љС‰ СЉСЋС„ "0x2"
    Stop.
    
    

  

  CMake will not be able to correctly generate this project.
Call Stack (most recent call first):
  CMakeLists.txt:2 (project)


-- Configuring incomplete, errors occurred!
See also "C:/Study/ConcurrentРЎomputing/Lab5/cmake-build-debug/CMakeFiles/CMakeOutput.log".
See also "C:/Study/ConcurrentРЎomputing/Lab5/cmake-build-debug/CMakeFiles/CMakeError.log".
